1.53 -0.008544921875 0.068115234375 0.13195366855158372 0.36061542486053666
1.5501149425287357 0.0123291015625 -0.04052734375 0.1559665271006107 0.3969525718094951
1.570229885057471 -0.11767578125 -0.076171875 0.10857154598264537 0.35881085483424535
1.5903448275862069 -0.0089111328125 -0.1015625 0.13338326678364215 0.28799277021899394
1.6104597701149426 0.0198974609375 -0.145263671875 0.13508541060353085 0.32336969683949845
1.6305747126436785 0.00341796875 0.183349609375 0.13656457614537168 0.3990024433273128
1.650689655172414 -0.0108642578125 -0.062255859375 0.12196964479708208 0.3457947566261714
1.6708045977011494 -0.0177001953125 0.1884765625 0.13437305290118148 0.3711397069197273
1.6909195402298853 -0.12109375 -0.3134765625 0.11809087659704842 0.2933779398773133
1.7110344827586208 0.117919921875 -0.044921875 0.1231456763465286 0.33784471947740324
1.7311494252873563 -0.0140380859375 -0.068115234375 0.12709228575078546 0.3198422487098203
1.7512643678160917 0.135986328125 0.042236328125 0.07690492373238757 0.3021101089060917
1.7713793103448277 -0.010986328125 -0.070068359375 0.10629092314463486 0.2715494699090145
1.7914942528735631 -0.1158447265625 -0.2998046875 0.1125449958743893 0.34579601701471874
1.8116091954022986 -0.0107421875 0.071044921875 0.11102152079324812 0.31928607680971394
1.8317241379310345 0.01123046875 -0.052734375 0.12397148431056919 0.30892038919839515
1.85183908045977 -0.0047607421875 -0.1591796875 0.10419110300344654 0.2715097460161633
1.8719540229885057 -0.1422119140625 -0.310791015625 0.12189467486820692 0.29081209101460864
1.8920689655172414 0.1246337890625 -0.048095703125 0.10304527096823676 0.2632806269397322
1.912183908045977 -0.1146240234375 0.29150390625 0.12352060061540208 0.3216306416281544
1.9322988505747127 0.107421875 -0.18408203125 0.12918837978603517 0.30869591789933165
1.9524137931034482 0.0125732421875 -0.044189453125 0.10085037101849403 0.29961251825125806
1.972528735632184 0.000732421875 -0.066162109375 0.08909861776972743 0.26451228319448955
1.9926436781609196 0.1217041015625 0.076416015625 0.09827336402433562 0.2750973741085121
2.012758620689655 -0.00048828125 -0.054931640625 0.05218752697404309 0.2705210995670049
2.0328735632183905 -0.1151123046875 -0.1962890625 0.09054116730022438 0.2746527677314066
2.0529885057471264 -0.0037841796875 0.200439453125 0.11643307483468604 0.25579936693513067
2.073103448275862 0.264892578125 0.046875 0.12312611204218495 0.2637953260146374
2.093218390804598 -0.1341552734375 0.080322265625 0.058812822044633804 0.27212874840016904
2.1133333333333333 -0.0093994140625 0.1455078125 0.06467938217928235 0.2810048004054121
2.1334482758620688 -0.1185302734375 0.088134765625 0.05526132841517531 0.2488879870767256
2.1535632183908047 -0.117431640625 0.078369140625 0.055075525715919275 0.2695269761789975
2.17367816091954 0.0211181640625 -0.17236328125 0.0694344987224101 0.237323691796906
2.1937931034482756 0.1201171875 -0.06640625 0.08423086320269621 0.23982345739350835
2.2139080459770115 0.1129150390625 0.052734375 0.07239600973339369 0.2560329897728895
2.234022988505747 -0.017822265625 0.060302734375 0.08292424327212079 0.2781998156814277
2.2541379310344825 0.010498046875 -0.082763671875 0.0759538479290534 0.2607065037118563
2.2742528735632184 -0.0008544921875 0.062744140625 0.07896707773772178 0.21019051822796156
2.294367816091954 0.0135498046875 0.056640625 0.058945208298382706 0.22662386233232928
2.3144827586206898 0.0098876953125 -0.191650390625 0.06346821574597633 0.21823255325244637
2.334597701149425 -0.0013427734375 -0.21728515625 0.07072379773386582 0.22816800993693573
2.3547126436781607 0.130126953125 0.079345703125 0.06403412195417232 0.23135560268561123
2.374827586206896 -0.0062255859375 0.046630859375 0.05871956923348356 0.25839623508976806
2.394942528735632 0.0084228515625 0.101806640625 0.06667128622378964 0.22923734920865677
2.4150574712643675 -0.0009765625 0.179931640625 0.06312021264646817 0.2311189513596603
2.4351724137931035 0.1275634765625 -0.041015625 0.04004065691496975 0.22635296497760904
2.455287356321839 -0.12890625 0.31005859375 0.07909292567057304 0.2083761728544884
2.4754022988505744 -0.008544921875 0.0654296875 0.05144545139944379 0.22954735323720316
2.4955172413793103 -0.0177001953125 -0.058349609375 0.06180220920106374 0.22001081990886
2.5156321839080458 -0.005126953125 -0.04833984375 0.06335665923529535 0.24406562434965742
2.5357471264367817 0.1356201171875 -0.062255859375 0.0605835170178289 0.23858038081494254
2.555862068965517 -0.0050048828125 0.058349609375 0.05835362366168676 0.2358310877536994
2.5759770114942526 -0.108154296875 0.04541015625 0.042362657374812276 0.20403925617516408
2.596091954022988 0.12646484375 -0.062744140625 0.0532446156494273 0.2093362204422407
2.616206896551724 -0.13427734375 -0.190185546875 0.05572843119553246 0.1953649288331848
2.63632183908046 0.0191650390625 0.086669921875 0.05209109310983423 0.2203771408568037
2.6564367816091954 0.1214599609375 -0.1708984375 0.06062049544236127 0.2075164281255747
2.676551724137931 0.028076171875 -0.05615234375 0.0520163665148146 0.19349897070601874
2.6966666666666663 -0.0133056640625 -0.32958984375 0.07028088333168189 0.21518711990714812
2.716781609195402 0.135009765625 0.096923828125 0.04939881271403024 0.1995284255940129
2.7368965517241377 0.0009765625 0.0830078125 0.045823610210226066 0.1866526517787538
2.7570114942528736 0.13134765625 0.033935546875 0.04006401723986175 0.18281933067141745
2.777126436781609 -0.00244140625 0.085693359375 0.05095293900074998 0.18801981830166684
2.7972413793103446 0.0009765625 -0.05419921875 0.048173686224981443 0.19441276377239644
2.81735632183908 0.0126953125 0.101806640625 0.051902011977431835 0.18620158558857547
2.837471264367816 0.1258544921875 0.05224609375 0.04399772266419596 0.1900753499352255
2.8575862068965514 -0.135986328125 -0.21337890625 0.045985728890141284 0.19275287357964188
2.8777011494252873 0.1063232421875 0.072021484375 0.05006359973581575 0.1910618803222676
2.897816091954023 0.140869140625 0.165283203125 0.05179445729579436 0.1929029091210903
2.9179310344827583 0.1292724609375 0.0537109375 0.028840530156299306 0.18264438716606227
2.9380459770114937 -0.00537109375 0.054443359375 0.04712228967879146 0.19625226151359781
2.9581609195402296 0.0059814453125 -0.185791015625 0.03405567504244248 0.1992145642976343
2.978275862068966 -0.1044921875 -0.268310546875 0.03507750947584785 0.18575489900586117
2.998390804597701 -0.0126953125 -0.093017578125 0.042239244578725986 0.21210635520925114
3.018505747126436 0.0135498046875 -0.298583984375 0.05066874708692367 0.15733905968147316
3.038620689655172 -0.0037841796875 -0.191650390625 0.040245680797595294 0.18550825833300275
3.058735632183908 0.0079345703125 -0.080810546875 0.0406265215733039 0.18166680780563937
3.0788505747126433 -0.27392578125 0.457763671875 0.055849478918954684 0.18770082531147664
3.098965517241379 -0.1251220703125 -0.31640625 0.03317544455161666 0.16977376609964395
3.1190804597701147 0.0001220703125 -0.1826171875 0.03862115346762107 0.18679426526123624
3.13919540229885 0.0078125 -0.18408203125 0.03200854009132392 0.1526841135734929
3.1593103448275857 -0.00341796875 -0.19580078125 0.032512999464444976 0.16193181712199084
3.1794252873563216 -0.03125 0.1953125 0.044390323600171824 0.17599731458551754
3.1995402298850575 -0.1278076171875 0.044677734375 0.025195766712707707 0.174065505761082
3.219655172413793 0.0054931640625 0.211669921875 0.036152311038031244 0.1828759720356878
3.2397701149425284 -0.128173828125 0.304931640625 0.036363448180297575 0.21267710386425256
3.259885057471264 -0.0081787109375 -0.1865234375 0.03341826517039374 0.1839310606479023
3.2800000000000002 0.2457275390625 0.036376953125 0.04043451364660178 0.163550202439471
